<?xml version="1.0" encoding="UTF-8"?>
<!-- Generated by org.testng.reporters.JUnitXMLReporter -->
<testsuite hostname="LAPTOP-EE6J4Q32" name="Test3" tests="4" failures="0" timestamp="20 Oct 2020 18:13:29 GMT" time="158.515" errors="0">
  <testcase name="balancechecker" time="6.32" classname="test.CustomerServiceOutlets_Test"/>
  <testcase name="farevending" time="19.011" classname="test.CustomerServiceOutlets_Test"/>
  <testcase name="selfservice" time="6.445" classname="test.CustomerServiceOutlets_Test"/>
  <testcase name="ticketvendingmachine" time="5.814" classname="test.CustomerServiceOutlets_Test"/>
</testsuite> <!-- Test3 -->
